<?xml version="1.0" encoding="UTF-8"?>
<testng-results ignored="0" total="1" passed="1" failed="0" skipped="0">
  <reporter-output>
  </reporter-output>
  <suite started-at="2022-11-06T12:54:59 IST" name="Default suite" finished-at="2022-11-06T12:55:39 IST" duration-ms="39809">
    <groups>
    </groups>
    <test started-at="2022-11-06T12:54:59 IST" name="Default test" finished-at="2022-11-06T12:55:39 IST" duration-ms="39809">
      <class name="com.codemind.b3project.TestCases.RegistrationTestcases">
        <test-method is-config="true" signature="initilizeBrowser()[pri:0, instance:com.codemind.b3project.TestCases.RegistrationTestcases@7133da86]" started-at="2022-11-06T12:54:59 IST" name="initilizeBrowser" finished-at="2022-11-06T12:55:08 IST" duration-ms="8763" status="PASS">
          <reporter-output>
          </reporter-output>
        </test-method> <!-- initilizeBrowser -->
        <test-method signature="verifySuccessfullRegistration()[pri:0, instance:com.codemind.b3project.TestCases.RegistrationTestcases@7133da86]" started-at="2022-11-06T12:55:08 IST" name="verifySuccessfullRegistration" finished-at="2022-11-06T12:55:38 IST" duration-ms="30265" status="PASS">
          <reporter-output>
          </reporter-output>
        </test-method> <!-- verifySuccessfullRegistration -->
        <test-method is-config="true" signature="tearDown(org.testng.ITestResult)[pri:0, instance:com.codemind.b3project.TestCases.RegistrationTestcases@7133da86]" started-at="2022-11-06T12:55:38 IST" name="tearDown" finished-at="2022-11-06T12:55:39 IST" duration-ms="721" status="PASS">
          <params>
            <param index="0">
              <value>
                <![CDATA[[TestResult name=verifySuccessfullRegistration status=SUCCESS method=RegistrationTestcases.verifySuccessfullRegistration()[pri:0, instance:com.codemind.b3project.TestCases.RegistrationTestcases@7133da86] output={null}]]]>
              </value>
            </param>
          </params>
          <reporter-output>
          </reporter-output>
        </test-method> <!-- tearDown -->
      </class> <!-- com.codemind.b3project.TestCases.RegistrationTestcases -->
    </test> <!-- Default test -->
  </suite> <!-- Default suite -->
</testng-results>
